<?xml version="1.0" encoding="UTF-8"?>
<testsuite time='0.042805' skipped='0' failures='0' errors='0' name="CompanyTest" assertions='2' tests='1'>
  <testcase time='0.042805' file="test/models/company_test.rb" name="test_name_is_required" assertions='2'>
  </testcase>
</testsuite>
